app/build/intermediates/manifest_merge_blame_file/release/manifest-merger-blame-release-report.txt
1<?xml version="1.0" encoding="utf-8"?>
2<manifest xmlns:android="http://schemas.android.com/apk/res/android"
3    package="com.travel.travellingbug"
4    android:versionCode="3"
5    android:versionName="1.0.0.0" >
6
7    <uses-sdk
8        android:minSdkVersion="21"
8-->src\main\AndroidManifest.xml
9        android:targetSdkVersion="33" />
9-->src\main\AndroidManifest.xml
10
11    <queries>
11-->src\main\AndroidManifest.xml:6:5-9:15
12        <provider android:authorities="com.facebook.katana.provider.PlatformProvider" /> <!-- allows app to access Facebook app features -->
12-->src\main\AndroidManifest.xml:7:9-89
12-->src\main\AndroidManifest.xml:7:19-86
13        <provider android:authorities="com.facebook.orca.provider.PlatformProvider" /> <!-- allows sharing to Messenger app -->
13-->src\main\AndroidManifest.xml:7:9-89
13-->src\main\AndroidManifest.xml:7:19-86
14        <intent>
14-->[com.google.firebase:firebase-inappmessaging-display:20.3.2] AndroidManifest.xml:13:9-17:18
15            <action android:name="android.intent.action.VIEW" />
15-->src\main\AndroidManifest.xml:390:17-69
15-->src\main\AndroidManifest.xml:390:25-66
16
17            <data android:scheme="https" />
17-->src\main\AndroidManifest.xml:395:17-397:55
17-->src\main\AndroidManifest.xml:396:21-70
18        </intent>
19
20        <package android:name="com.facebook.katana" /> <!-- Needs to be explicitly declared on Android R+ -->
20-->[com.facebook.android:facebook-common:16.2.0] AndroidManifest.xml:18:9-55
20-->[com.facebook.android:facebook-common:16.2.0] AndroidManifest.xml:18:18-52
21        <package android:name="com.google.android.apps.maps" />
21-->[com.google.android.gms:play-services-maps:17.0.1] AndroidManifest.xml:33:9-64
21-->[com.google.android.gms:play-services-maps:17.0.1] AndroidManifest.xml:33:18-61
22    </queries>
23
24    <uses-permission android:name="android.permission.INTERNET" />
24-->src\main\AndroidManifest.xml:11:5-67
24-->src\main\AndroidManifest.xml:11:22-64
25    <uses-permission android:name="android.permission.ACCESS_NETWORK_STATE" />
25-->src\main\AndroidManifest.xml:12:5-79
25-->src\main\AndroidManifest.xml:12:22-76
26    <uses-permission android:name="android.permission.WRITE_EXTERNAL_STORAGE" />
26-->src\main\AndroidManifest.xml:13:5-81
26-->src\main\AndroidManifest.xml:13:22-78
27    <uses-permission android:name="android.permission.READ_EXTERNAL_STORAGE" /> <!-- <uses-permission android:name="android.permission.WRITE_EXTERNAL_STORAGE" android:maxSdkVersion="28" /> -->
27-->src\main\AndroidManifest.xml:14:5-80
27-->src\main\AndroidManifest.xml:14:22-77
28    <uses-permission android:name="android.permission.ACCESS_COARSE_LOCATION" />
28-->src\main\AndroidManifest.xml:15:5-81
28-->src\main\AndroidManifest.xml:15:22-78
29    <uses-permission android:name="android.permission.ACCESS_FINE_LOCATION" />
29-->src\main\AndroidManifest.xml:16:5-79
29-->src\main\AndroidManifest.xml:16:22-76
30    <uses-permission android:name="android.permission.CALL_PHONE" />
30-->src\main\AndroidManifest.xml:17:5-69
30-->src\main\AndroidManifest.xml:17:22-66
31    <uses-permission android:name="android.permission.CAMERA" />
31-->src\main\AndroidManifest.xml:18:5-65
31-->src\main\AndroidManifest.xml:18:22-62
32    <uses-permission android:name="android.permission.ACCESS_WIFI_STATE" />
32-->src\main\AndroidManifest.xml:19:5-76
32-->src\main\AndroidManifest.xml:19:22-73
33    <uses-permission android:name="android.permission.CHANGE_WIFI_MULTICAST_STATE" />
33-->src\main\AndroidManifest.xml:20:5-86
33-->src\main\AndroidManifest.xml:20:22-83
34    <uses-permission android:name="android.permission.GET_ACCOUNTS" />
34-->src\main\AndroidManifest.xml:21:5-71
34-->src\main\AndroidManifest.xml:21:22-68
35    <uses-permission android:name="android.permission.USE_CREDENTIALS" />
35-->src\main\AndroidManifest.xml:22:5-74
35-->src\main\AndroidManifest.xml:22:22-71
36    <uses-permission android:name="android.permission.READ_PHONE_STATE" />
36-->src\main\AndroidManifest.xml:23:5-75
36-->src\main\AndroidManifest.xml:23:22-72
37    <uses-permission android:name="android.permission.FOREGROUND_SERVICE" />
37-->src\main\AndroidManifest.xml:24:5-77
37-->src\main\AndroidManifest.xml:24:22-74
38    <uses-permission android:name="android.permission.WAKE_LOCK" />
38-->src\main\AndroidManifest.xml:25:5-68
38-->src\main\AndroidManifest.xml:25:22-65
39    <uses-permission android:name="android.permission.POST_NOTIFICATIONS" />
39-->src\main\AndroidManifest.xml:26:5-77
39-->src\main\AndroidManifest.xml:26:22-74
40    <uses-permission android:name="android.permission.READ_PHONE_STATE" />
40-->src\main\AndroidManifest.xml:23:5-75
40-->src\main\AndroidManifest.xml:23:22-72
41
42    <uses-feature android:name="android.hardware.camera" />
42-->src\main\AndroidManifest.xml:29:5-60
42-->src\main\AndroidManifest.xml:29:19-57
43    <uses-feature
43-->src\main\AndroidManifest.xml:30:5-32:36
44        android:name="android.hardware.telephony"
44-->src\main\AndroidManifest.xml:31:9-50
45        android:required="false" />
45-->src\main\AndroidManifest.xml:32:9-33
46
47    <uses-permission android:name="android.permission.VIBRATE" />
47-->[com.github.citux:datetimepicker:0.3.0] AndroidManifest.xml:24:5-66
47-->[com.github.citux:datetimepicker:0.3.0] AndroidManifest.xml:24:22-63
48
49    <uses-feature
49-->[com.google.android.gms:play-services-maps:17.0.1] AndroidManifest.xml:26:5-28:35
50        android:glEsVersion="0x00020000"
50-->[com.google.android.gms:play-services-maps:17.0.1] AndroidManifest.xml:27:9-41
51        android:required="true" /> <!-- Required by older versions of Google Play services to create IID tokens -->
51-->[com.google.android.gms:play-services-maps:17.0.1] AndroidManifest.xml:28:9-32
52    <uses-permission android:name="com.google.android.c2dm.permission.RECEIVE" />
52-->[com.google.firebase:firebase-messaging:23.2.1] AndroidManifest.xml:26:5-82
52-->[com.google.firebase:firebase-messaging:23.2.1] AndroidManifest.xml:26:22-79
53    <uses-permission android:name="com.google.android.gms.permission.AD_ID" />
53-->[com.google.android.gms:play-services-measurement-api:21.2.2] AndroidManifest.xml:25:5-79
53-->[com.google.android.gms:play-services-measurement-api:21.2.2] AndroidManifest.xml:25:22-76
54    <uses-permission android:name="com.google.android.finsky.permission.BIND_GET_INSTALL_REFERRER_SERVICE" />
54-->[com.google.android.gms:play-services-measurement:21.2.2] AndroidManifest.xml:26:5-110
54-->[com.google.android.gms:play-services-measurement:21.2.2] AndroidManifest.xml:26:22-107
55
56    <application
56-->src\main\AndroidManifest.xml:34:5-469:19
57        android:name="com.travel.travellingbug.ClassLuxApp"
57-->src\main\AndroidManifest.xml:35:9-36
58        android:allowBackup="false"
58-->src\main\AndroidManifest.xml:36:9-36
59        android:appComponentFactory="androidx.core.app.CoreComponentFactory"
59-->[androidx.core:core:1.5.0] AndroidManifest.xml:24:18-86
60        android:autoMirrored="true"
60-->src\main\AndroidManifest.xml:37:9-36
61        android:fullBackupContent="false"
61-->src\main\AndroidManifest.xml:38:9-42
62        android:hardwareAccelerated="true"
62-->src\main\AndroidManifest.xml:39:9-43
63        android:icon="@drawable/app_logo_org"
63-->src\main\AndroidManifest.xml:40:9-46
64        android:label="@string/app_name"
64-->src\main\AndroidManifest.xml:41:9-41
65        android:largeHeap="true"
65-->src\main\AndroidManifest.xml:42:9-33
66        android:networkSecurityConfig="@xml/network_security_config"
66-->src\main\AndroidManifest.xml:43:9-69
67        android:requestLegacyExternalStorage="true"
67-->src\main\AndroidManifest.xml:44:9-52
68        android:roundIcon="@drawable/app_logo_org"
68-->src\main\AndroidManifest.xml:45:9-51
69        android:supportsRtl="true"
69-->src\main\AndroidManifest.xml:46:9-35
70        android:theme="@style/AppTheme"
70-->src\main\AndroidManifest.xml:47:9-40
71        android:usesCleartextTraffic="true" >
71-->src\main\AndroidManifest.xml:48:9-44
72        <activity
72-->src\main\AndroidManifest.xml:51:9-53:40
73            android:name="com.travel.travellingbug.ui.activities.SetAddressActivity"
73-->src\main\AndroidManifest.xml:52:13-61
74            android:exported="false" />
74-->src\main\AndroidManifest.xml:53:13-37
75        <activity
75-->src\main\AndroidManifest.xml:54:9-56:40
76            android:name="com.travel.travellingbug.ui.activities.PdfPogoActivity"
76-->src\main\AndroidManifest.xml:55:13-58
77            android:exported="false" />
77-->src\main\AndroidManifest.xml:56:13-37
78        <activity
78-->src\main\AndroidManifest.xml:57:9-59:40
79            android:name="com.travel.travellingbug.ui.activities.PdfActivity"
79-->src\main\AndroidManifest.xml:58:13-54
80            android:exported="false" />
80-->src\main\AndroidManifest.xml:59:13-37
81        <activity
81-->src\main\AndroidManifest.xml:60:9-62:40
82            android:name="com.travel.travellingbug.ui.activities.login.UpdateGmailActivity"
82-->src\main\AndroidManifest.xml:61:13-68
83            android:exported="false" />
83-->src\main\AndroidManifest.xml:62:13-37
84        <activity
84-->src\main\AndroidManifest.xml:63:9-65:40
85            android:name="com.travel.travellingbug.ui.activities.login.GoogleUpdateActivity"
85-->src\main\AndroidManifest.xml:64:13-69
86            android:exported="false" />
86-->src\main\AndroidManifest.xml:65:13-37
87        <activity
87-->src\main\AndroidManifest.xml:66:9-68:40
88            android:name="com.travel.travellingbug.ui.activities.UpdateEmailAddressActivity"
88-->src\main\AndroidManifest.xml:67:13-69
89            android:exported="false" />
89-->src\main\AndroidManifest.xml:68:13-37
90        <activity
90-->src\main\AndroidManifest.xml:69:9-71:40
91            android:name="com.travel.travellingbug.chat.InboxChatActivity"
91-->src\main\AndroidManifest.xml:70:13-51
92            android:exported="false" />
92-->src\main\AndroidManifest.xml:71:13-37
93        <activity
93-->src\main\AndroidManifest.xml:72:9-74:40
94            android:name="com.travel.travellingbug.ui.activities.TrackLinkUserActivity"
94-->src\main\AndroidManifest.xml:73:13-64
95            android:exported="false" />
95-->src\main\AndroidManifest.xml:74:13-37
96        <activity
96-->src\main\AndroidManifest.xml:75:9-77:40
97            android:name="com.travel.travellingbug.ui.activities.AccountActivity"
97-->src\main\AndroidManifest.xml:76:13-58
98            android:exported="false" />
98-->src\main\AndroidManifest.xml:77:13-37
99        <activity
99-->src\main\AndroidManifest.xml:78:9-80:40
100            android:name="com.travel.travellingbug.ui.activities.VehicleTrackingActivity"
100-->src\main\AndroidManifest.xml:79:13-66
101            android:exported="false" />
101-->src\main\AndroidManifest.xml:80:13-37
102        <activity
102-->src\main\AndroidManifest.xml:81:9-83:40
103            android:name="com.travel.travellingbug.ui.activities.InvoiceActivity"
103-->src\main\AndroidManifest.xml:82:13-58
104            android:exported="false" />
104-->src\main\AndroidManifest.xml:83:13-37
105        <activity
105-->src\main\AndroidManifest.xml:84:9-86:40
106            android:name="com.travel.travellingbug.ui.activities.login.FBAuthActivity"
106-->src\main\AndroidManifest.xml:85:13-63
107            android:exported="false" />
107-->src\main\AndroidManifest.xml:86:13-37
108        <activity
108-->src\main\AndroidManifest.xml:87:9-89:40
109            android:name="com.travel.travellingbug.ui.activities.UpdatePhoneNumber"
109-->src\main\AndroidManifest.xml:88:13-60
110            android:exported="false" />
110-->src\main\AndroidManifest.xml:89:13-37
111        <activity
111-->src\main\AndroidManifest.xml:90:9-92:40
112            android:name="com.travel.travellingbug.ui.activities.AddTrackingLinkActivity"
112-->src\main\AndroidManifest.xml:91:13-66
113            android:exported="false" />
113-->src\main\AndroidManifest.xml:92:13-37
114        <activity
114-->src\main\AndroidManifest.xml:93:9-95:40
115            android:name="com.travel.travellingbug.ui.activities.TrackingLinkActivity"
115-->src\main\AndroidManifest.xml:94:13-63
116            android:exported="false" />
116-->src\main\AndroidManifest.xml:95:13-37
117        <activity
117-->src\main\AndroidManifest.xml:96:9-98:40
118            android:name="com.travel.travellingbug.ui.activities.DataProtectionActivity"
118-->src\main\AndroidManifest.xml:97:13-65
119            android:exported="false" />
119-->src\main\AndroidManifest.xml:98:13-37
120        <activity
120-->src\main\AndroidManifest.xml:99:9-101:40
121            android:name="com.travel.travellingbug.ui.activities.PaymentAndRefundActivity"
121-->src\main\AndroidManifest.xml:100:13-67
122            android:exported="false" />
122-->src\main\AndroidManifest.xml:101:13-37
123        <activity
123-->src\main\AndroidManifest.xml:102:9-104:40
124            android:name="com.travel.travellingbug.ui.activities.ProviderReviewActivity"
124-->src\main\AndroidManifest.xml:103:13-65
125            android:exported="false" />
125-->src\main\AndroidManifest.xml:104:13-37
126        <activity
126-->src\main\AndroidManifest.xml:105:9-107:40
127            android:name="com.travel.travellingbug.ui.activities.TestingActivity"
127-->src\main\AndroidManifest.xml:106:13-58
128            android:exported="false" />
128-->src\main\AndroidManifest.xml:107:13-37
129        <activity
129-->src\main\AndroidManifest.xml:108:9-110:40
130            android:name="com.travel.travellingbug.ui.activities.PreferenceTitle"
130-->src\main\AndroidManifest.xml:109:13-58
131            android:exported="false" />
131-->src\main\AndroidManifest.xml:110:13-37
132        <activity
132-->src\main\AndroidManifest.xml:111:9-113:40
133            android:name="com.travel.travellingbug.ui.activities.PickUpNotes"
133-->src\main\AndroidManifest.xml:112:13-54
134            android:exported="false" />
134-->src\main\AndroidManifest.xml:113:13-37
135        <activity
135-->src\main\AndroidManifest.xml:114:9-116:40
136            android:name="com.travel.travellingbug.ui.activities.HistoryDetailsUser"
136-->src\main\AndroidManifest.xml:115:13-61
137            android:exported="false" />
137-->src\main\AndroidManifest.xml:116:13-37
138        <activity
138-->src\main\AndroidManifest.xml:117:9-119:40
139            android:name="com.travel.travellingbug.ui.activities.CustomStopOverLocation"
139-->src\main\AndroidManifest.xml:118:13-65
140            android:exported="false" />
140-->src\main\AndroidManifest.xml:119:13-37
141        <activity
141-->src\main\AndroidManifest.xml:120:9-122:40
142            android:name="com.travel.travellingbug.ui.activities.UserProfileActivity"
142-->src\main\AndroidManifest.xml:121:13-62
143            android:exported="false" />
143-->src\main\AndroidManifest.xml:122:13-37
144        <activity
144-->src\main\AndroidManifest.xml:123:9-125:40
145            android:name="com.travel.travellingbug.ui.activities.TrackActivity"
145-->src\main\AndroidManifest.xml:124:13-56
146            android:exported="false" />
146-->src\main\AndroidManifest.xml:125:13-37
147        <activity
147-->src\main\AndroidManifest.xml:126:9-128:40
148            android:name="com.travel.travellingbug.ui.activities.RideRequestDetailsActivity"
148-->src\main\AndroidManifest.xml:127:13-69
149            android:exported="false" />
149-->src\main\AndroidManifest.xml:128:13-37
150        <activity
150-->src\main\AndroidManifest.xml:129:9-131:40
151            android:name="com.travel.travellingbug.ui.activities.RideRequest"
151-->src\main\AndroidManifest.xml:130:13-54
152            android:exported="false" />
152-->src\main\AndroidManifest.xml:131:13-37
153        <activity
153-->src\main\AndroidManifest.xml:132:9-134:40
154            android:name="com.travel.travellingbug.ui.activities.UpdatePreference"
154-->src\main\AndroidManifest.xml:133:13-59
155            android:exported="false" />
155-->src\main\AndroidManifest.xml:134:13-37
156        <activity
156-->src\main\AndroidManifest.xml:135:9-137:40
157            android:name="com.travel.travellingbug.ui.activities.ConfirmRideRequestActivity"
157-->src\main\AndroidManifest.xml:136:13-69
158            android:exported="false" />
158-->src\main\AndroidManifest.xml:137:13-37
159        <activity
159-->src\main\AndroidManifest.xml:138:9-140:40
160            android:name="com.travel.travellingbug.ui.activities.FindRideDetails"
160-->src\main\AndroidManifest.xml:139:13-58
161            android:exported="false" />
161-->src\main\AndroidManifest.xml:140:13-37
162        <activity
162-->src\main\AndroidManifest.xml:141:9-143:40
163            android:name="com.travel.travellingbug.ui.activities.FindRidesActivity"
163-->src\main\AndroidManifest.xml:142:13-60
164            android:exported="false" />
164-->src\main\AndroidManifest.xml:143:13-37
165        <activity
165-->src\main\AndroidManifest.xml:144:9-146:40
166            android:name="com.travel.travellingbug.ui.activities.Payment"
166-->src\main\AndroidManifest.xml:145:13-50
167            android:exported="false" />
167-->src\main\AndroidManifest.xml:146:13-37
168        <activity
168-->src\main\AndroidManifest.xml:147:9-149:40
169            android:name="com.travel.travellingbug.ui.activities.ProfilePictureActivity"
169-->src\main\AndroidManifest.xml:148:13-65
170            android:exported="false" />
170-->src\main\AndroidManifest.xml:149:13-37
171        <activity
171-->src\main\AndroidManifest.xml:150:9-152:40
172            android:name="com.travel.travellingbug.ui.activities.PersonalDetailsActivity"
172-->src\main\AndroidManifest.xml:151:13-66
173            android:exported="false" />
173-->src\main\AndroidManifest.xml:152:13-37
174        <activity
174-->src\main\AndroidManifest.xml:153:9-155:40
175            android:name="com.travel.travellingbug.ui.activities.VerifyEmailActivity"
175-->src\main\AndroidManifest.xml:154:13-62
176            android:exported="false" />
176-->src\main\AndroidManifest.xml:155:13-37
177        <activity
177-->src\main\AndroidManifest.xml:156:9-158:40
178            android:name="com.travel.travellingbug.ui.activities.VerifyMobileNumberActivity"
178-->src\main\AndroidManifest.xml:157:13-69
179            android:exported="false" />
179-->src\main\AndroidManifest.xml:158:13-37
180        <activity
180-->src\main\AndroidManifest.xml:159:9-161:40
181            android:name="com.travel.travellingbug.ui.activities.VehicleDetailsMenufactureActivity"
181-->src\main\AndroidManifest.xml:160:13-76
182            android:exported="false" />
182-->src\main\AndroidManifest.xml:161:13-37
183        <activity
183-->src\main\AndroidManifest.xml:162:9-164:40
184            android:name="com.travel.travellingbug.ui.activities.VehicleDetailsColorActivity"
184-->src\main\AndroidManifest.xml:163:13-70
185            android:exported="false" />
185-->src\main\AndroidManifest.xml:164:13-37
186        <activity
186-->src\main\AndroidManifest.xml:165:9-167:40
187            android:name="com.travel.travellingbug.ui.activities.DriverProfileActivity"
187-->src\main\AndroidManifest.xml:166:13-64
188            android:exported="false" />
188-->src\main\AndroidManifest.xml:167:13-37
189        <activity
189-->src\main\AndroidManifest.xml:168:9-170:40
190            android:name="com.travel.travellingbug.ui.activities.VehicleDetailsTypeActivity"
190-->src\main\AndroidManifest.xml:169:13-69
191            android:exported="false" />
191-->src\main\AndroidManifest.xml:170:13-37
192        <activity
192-->src\main\AndroidManifest.xml:171:9-173:40
193            android:name="com.travel.travellingbug.ui.activities.VehicleDetailsModelActivity"
193-->src\main\AndroidManifest.xml:172:13-70
194            android:exported="false" />
194-->src\main\AndroidManifest.xml:173:13-37
195        <activity
195-->src\main\AndroidManifest.xml:174:9-176:40
196            android:name="com.travel.travellingbug.ui.activities.VehicleDetailsBrandActivity"
196-->src\main\AndroidManifest.xml:175:13-70
197            android:exported="false" />
197-->src\main\AndroidManifest.xml:176:13-37
198        <activity
198-->src\main\AndroidManifest.xml:177:9-179:40
199            android:name="com.travel.travellingbug.ui.activities.VehicleDetailsLicensePlateNumberActivity"
199-->src\main\AndroidManifest.xml:178:13-83
200            android:exported="false" />
200-->src\main\AndroidManifest.xml:179:13-37
201        <activity
201-->src\main\AndroidManifest.xml:180:9-182:40
202            android:name="com.travel.travellingbug.ui.activities.TravelPreferenceActivityMain"
202-->src\main\AndroidManifest.xml:181:13-71
203            android:exported="false" />
203-->src\main\AndroidManifest.xml:182:13-37
204        <activity
204-->src\main\AndroidManifest.xml:183:9-185:40
205            android:name="com.travel.travellingbug.ui.activities.TravelPreferenceActivity"
205-->src\main\AndroidManifest.xml:184:13-67
206            android:exported="false" />
206-->src\main\AndroidManifest.xml:185:13-37
207        <activity
207-->src\main\AndroidManifest.xml:186:9-188:40
208            android:name="com.travel.travellingbug.ui.activities.VerifyIdMainActivity"
208-->src\main\AndroidManifest.xml:187:13-63
209            android:exported="false" />
209-->src\main\AndroidManifest.xml:188:13-37
210        <activity
210-->src\main\AndroidManifest.xml:189:9-191:40
211            android:name="com.travel.travellingbug.ui.activities.VerifyIdActivity"
211-->src\main\AndroidManifest.xml:190:13-59
212            android:exported="false" />
212-->src\main\AndroidManifest.xml:191:13-37
213        <activity
213-->src\main\AndroidManifest.xml:192:9-194:40
214            android:name="com.travel.travellingbug.ui.activities.HelpActivity"
214-->src\main\AndroidManifest.xml:193:13-55
215            android:exported="false" />
215-->src\main\AndroidManifest.xml:194:13-37
216        <activity
216-->src\main\AndroidManifest.xml:195:9-197:40
217            android:name="com.travel.travellingbug.ui.activities.TermsAndConditionActivity"
217-->src\main\AndroidManifest.xml:196:13-68
218            android:exported="false" />
218-->src\main\AndroidManifest.xml:197:13-37
219        <activity
219-->src\main\AndroidManifest.xml:198:9-200:40
220            android:name="com.travel.travellingbug.ui.activities.ChangePasswordActivity"
220-->src\main\AndroidManifest.xml:199:13-65
221            android:exported="false" />
221-->src\main\AndroidManifest.xml:200:13-37
222        <activity
222-->src\main\AndroidManifest.xml:201:9-203:40
223            android:name="com.travel.travellingbug.ui.activities.ChangeAddressAdtivityTwo"
223-->src\main\AndroidManifest.xml:202:13-67
224            android:exported="false" />
224-->src\main\AndroidManifest.xml:203:13-37
225        <activity
225-->src\main\AndroidManifest.xml:204:9-206:40
226            android:name="com.travel.travellingbug.ui.activities.ChangeAddressAdtivityOne"
226-->src\main\AndroidManifest.xml:205:13-67
227            android:exported="false" />
227-->src\main\AndroidManifest.xml:206:13-37
228        <activity
228-->src\main\AndroidManifest.xml:207:9-209:39
229            android:name="com.travel.travellingbug.ui.activities.HomeScreenActivity"
229-->src\main\AndroidManifest.xml:208:13-61
230            android:exported="true" />
230-->src\main\AndroidManifest.xml:209:13-36
231        <activity
231-->src\main\AndroidManifest.xml:210:9-213:59
232            android:name="com.travel.travellingbug.ui.activities.IntroScreen"
232-->src\main\AndroidManifest.xml:211:13-54
233            android:exported="false"
233-->src\main\AndroidManifest.xml:212:13-37
234            android:theme="@style/AppTheme.NoActionBar" />
234-->src\main\AndroidManifest.xml:213:13-56
235        <activity
235-->src\main\AndroidManifest.xml:214:9-218:59
236            android:name="com.travel.travellingbug.ui.activities.login.IntroActivity"
236-->src\main\AndroidManifest.xml:215:13-62
237            android:configChanges="locale|orientation"
237-->src\main\AndroidManifest.xml:216:13-55
238            android:screenOrientation="portrait"
238-->src\main\AndroidManifest.xml:217:13-49
239            android:theme="@style/AppTheme.NoActionBar" />
239-->src\main\AndroidManifest.xml:218:13-56
240        <activity
240-->src\main\AndroidManifest.xml:219:9-223:59
241            android:name="com.travel.travellingbug.ui.activities.login.LoginActivity"
241-->src\main\AndroidManifest.xml:220:13-62
242            android:configChanges="locale|orientation"
242-->src\main\AndroidManifest.xml:221:13-55
243            android:screenOrientation="portrait"
243-->src\main\AndroidManifest.xml:222:13-49
244            android:theme="@style/AppTheme.NoActionBar" />
244-->src\main\AndroidManifest.xml:223:13-56
245        <activity
245-->src\main\AndroidManifest.xml:224:9-227:78
246            android:name="com.travel.travellingbug.ui.activities.login.FaceBookLoginActivity"
246-->src\main\AndroidManifest.xml:225:13-70
247            android:screenOrientation="portrait"
247-->src\main\AndroidManifest.xml:226:13-49
248            android:theme="@style/Theme.AppCompat.Transparent.NoActionBar" />
248-->src\main\AndroidManifest.xml:227:13-75
249        <activity
249-->src\main\AndroidManifest.xml:228:9-231:78
250            android:name="com.travel.travellingbug.ui.activities.login.GoogleLoginActivity"
250-->src\main\AndroidManifest.xml:229:13-68
251            android:screenOrientation="portrait"
251-->src\main\AndroidManifest.xml:230:13-49
252            android:theme="@style/Theme.AppCompat.Transparent.NoActionBar" />
252-->src\main\AndroidManifest.xml:231:13-75
253        <activity
253-->src\main\AndroidManifest.xml:232:9-242:20
254            android:name="com.travel.travellingbug.ui.activities.NotificationTab"
254-->src\main\AndroidManifest.xml:233:13-58
255            android:configChanges="orientation|keyboardHidden|screenSize"
255-->src\main\AndroidManifest.xml:234:13-74
256            android:exported="true"
256-->src\main\AndroidManifest.xml:235:13-36
257            android:theme="@style/AppTheme.NoActionBar" >
257-->src\main\AndroidManifest.xml:236:13-56
258            <intent-filter>
258-->src\main\AndroidManifest.xml:237:13-241:29
259                <action android:name="com.quickridejadriver.providers.TARGETNOTIFICATION" />
259-->src\main\AndroidManifest.xml:238:17-93
259-->src\main\AndroidManifest.xml:238:25-90
260
261                <category android:name="android.intent.category.DEFAULT" />
261-->src\main\AndroidManifest.xml:240:17-76
261-->src\main\AndroidManifest.xml:240:27-73
262            </intent-filter>
263        </activity>
264        <activity android:name="com.travel.travellingbug.ui.activities.DocUploadActivity" />
264-->src\main\AndroidManifest.xml:243:9-69
264-->src\main\AndroidManifest.xml:243:19-66
265
266        <uses-library
266-->src\main\AndroidManifest.xml:245:9-247:40
267            android:name="org.apache.http.legacy"
267-->src\main\AndroidManifest.xml:246:13-50
268            android:required="false" />
268-->src\main\AndroidManifest.xml:247:13-37
269
270        <activity
270-->src\main\AndroidManifest.xml:249:9-251:59
271            android:name="com.travel.travellingbug.ui.activities.WithdrawActivity"
271-->src\main\AndroidManifest.xml:250:13-59
272            android:theme="@style/AppTheme.NoActionBar" />
272-->src\main\AndroidManifest.xml:251:13-56
273        <activity
273-->src\main\AndroidManifest.xml:252:9-254:59
274            android:name="com.travel.travellingbug.ui.activities.OtpVerification"
274-->src\main\AndroidManifest.xml:253:13-58
275            android:theme="@style/AppTheme.NoActionBar" />
275-->src\main\AndroidManifest.xml:254:13-56
276        <activity
276-->src\main\AndroidManifest.xml:255:9-259:67
277            android:name="com.travel.travellingbug.ui.activities.WithdrawAmountActivity"
277-->src\main\AndroidManifest.xml:256:13-65
278            android:screenOrientation="portrait"
278-->src\main\AndroidManifest.xml:257:13-49
279            android:theme="@style/AppTheme.NoActionBar"
279-->src\main\AndroidManifest.xml:258:13-56
280            android:windowSoftInputMode="stateHidden|adjustPan" />
280-->src\main\AndroidManifest.xml:259:13-64
281        <activity android:name="com.travel.travellingbug.ui.activities.DocumentStatus" />
281-->src\main\AndroidManifest.xml:260:9-66
281-->src\main\AndroidManifest.xml:260:19-63
282        <activity
282-->src\main\AndroidManifest.xml:261:9-270:20
283            android:name="com.travel.travellingbug.ui.activities.SplashScreen"
283-->src\main\AndroidManifest.xml:262:13-55
284            android:exported="true"
284-->src\main\AndroidManifest.xml:263:13-36
285            android:theme="@style/AppTheme.NoActionBar" >
285-->src\main\AndroidManifest.xml:264:13-56
286            <intent-filter>
286-->src\main\AndroidManifest.xml:265:13-269:29
287                <action android:name="android.intent.action.MAIN" />
287-->src\main\AndroidManifest.xml:266:17-69
287-->src\main\AndroidManifest.xml:266:25-66
288
289                <category android:name="android.intent.category.LAUNCHER" />
289-->src\main\AndroidManifest.xml:268:17-77
289-->src\main\AndroidManifest.xml:268:27-74
290            </intent-filter>
291        </activity>
292        <activity
292-->src\main\AndroidManifest.xml:271:9-273:59
293            android:name="com.travel.travellingbug.Login"
293-->src\main\AndroidManifest.xml:272:13-34
294            android:theme="@style/AppTheme.NoActionBar" />
294-->src\main\AndroidManifest.xml:273:13-56
295        <activity
295-->src\main\AndroidManifest.xml:274:9-276:59
296            android:name="com.travel.travellingbug.ui.activities.FullImage"
296-->src\main\AndroidManifest.xml:275:13-52
297            android:theme="@style/AppTheme.NoActionBar" />
297-->src\main\AndroidManifest.xml:276:13-56
298        <activity
298-->src\main\AndroidManifest.xml:277:9-279:59